#
# There is insufficient memory for the Java Runtime Environment to continue.
# Native memory allocation (mmap) failed to map 266338304 bytes for G1 virtual space
# Possible reasons:
#   The system is out of physical RAM or swap space
#   The process is running with CompressedOops enabled, and the Java Heap may be blocking the growth of the native heap
# Possible solutions:
#   Reduce memory load on the system
#   Increase physical memory or swap space
#   Check if swap backing store is full
#   Decrease Java heap size (-Xmx/-Xms)
#   Decrease number of Java threads
#   Decrease Java thread stack sizes (-Xss)
#   Set larger code cache with -XX:ReservedCodeCacheSize=
#   JVM is running with Zero Based Compressed Oops mode in which the Java heap is
#     placed in the first 32GB address space. The Java Heap base address is the
#     maximum limit for the native heap growth. Please use -XX:HeapBaseMinAddress
#     to set the Java Heap base and to place the Java Heap above 32GB virtual address.
# This output file may be truncated or incomplete.
#
#  Out of Memory Error (os_windows.cpp:3771), pid=16700, tid=20580
#
# JRE version:  (17.0.7+10) (build )
# Java VM: OpenJDK 64-Bit Server VM (17.0.7+10-b829.16, mixed mode, sharing, tiered, compressed oops, compressed class ptrs, g1 gc, windows-amd64)
# No core dump will be written. Minidumps are not enabled by default on client versions of Windows
#

---------------  S U M M A R Y ------------

Command Line: git4idea.http.GitAskPassApp Username for 'https://gitlab.skillbox.ru': 

Host: 12th Gen Intel(R) Core(TM) i5-12400F, 12 cores, 15G,  Windows 11 , 64 bit Build 22621 (10.0.22621.2070)
Time: Tue Dec 12 19:14:25 2023 RTZ 2 (s 11 , 64 bit Build 22621 (10.0.22621.2070) elapsed time: 0.007694 seconds (0d 0h 0m 0s)

---------------  T H R E A D  ---------------

Current thread (0x0000020095efcfc0):  JavaThread "Unknown thread" [_thread_in_vm, id=20580, stack(0x00000022a4800000,0x00000022a4900000)]

Stack: [0x00000022a4800000,0x00000022a4900000]
Native frames: (J=compiled Java code, j=interpreted, Vv=VM code, C=native code)
V  [jvm.dll+0x683cca]
V  [jvm.dll+0x8424b4]
V  [jvm.dll+0x843cae]
V  [jvm.dll+0x844313]
V  [jvm.dll+0x24ad2f]
V  [jvm.dll+0x680b99]
V  [jvm.dll+0x67526a]
V  [jvm.dll+0x30b3cb]
V  [jvm.dll+0x312876]
V  [jvm.dll+0x36221e]
V  [jvm.dll+0x36244f]
V  [jvm.dll+0x2e14a8]
V  [jvm.dll+0x2e2414]
V  [jvm.dll+0x814441]
V  [jvm.dll+0x36ffe1]
V  [jvm.dll+0x7f3a1c]
V  [jvm.dll+0x3f305f]
V  [jvm.dll+0x3f4b91]
C  [jli.dll+0x528f]
C  [ucrtbase.dll+0x29363]
C  [KERNEL32.DLL+0x126ad]
C  [ntdll.dll+0x5aa68]


---------------  P R O C E S S  ---------------

Threads class SMR info:
_java_thread_list=0x00007ff801ecb098, length=0, elements={
}

Java Threads: ( => current thread )

Other Threads:
  0x000002009809ca40 GCTaskThread "GC Thread#0" [stack: 0x00000022a4900000,0x00000022a4a00000] [id=6552]
  0x00000200980ad830 ConcurrentGCThread "G1 Main Marker" [stack: 0x00000022a4a00000,0x00000022a4b00000] [id=14100]
  0x00000200980af250 ConcurrentGCThread "G1 Conc#0" [stack: 0x00000022a4b00000,0x00000022a4c00000] [id=2452]

[error occurred during error reporting (printing all threads), id 0xc0000005, EXCEPTION_ACCESS_VIOLATION (0xc0000005) at pc=0x00007ff801682087]

VM state: not at safepoint (not fully initialized)

VM Mutex/Monitor currently owned by a thread:  ([mutex/lock_event])
[0x000002009802f1c0] Heap_lock - owner thread: 0x0000020095efcfc0

Heap address: 0x0000000702a00000, size: 4054 MB, Compressed Oops mode: Zero based, Oop shift amount: 3

CDS archive(s) mapped at: [0x0000000000000000-0x0000000000000000-0x0000000000000000), size 0, SharedBaseAddress: 0x0000000800000000, ArchiveRelocationMode: 0.
Narrow klass base: 0x0000000000000000, Narrow klass shift: 0, Narrow klass range: 0x0

GC Precious Log:
<Empty>

Heap:
 garbage-first heap   total 0K, used 0K [0x0000000702a00000, 0x0000000800000000)
  region size 2048K, 0 young (0K), 0 survivors (0K)

[error occurred during error reporting (printing heap information), id 0xc0000005, EXCEPTION_ACCESS_VIOLATION (0xc0000005) at pc=0x00007ff801a6df59]

GC Heap History (0 events):
No events

Dll operation events (1 events):
Event: 0.004 Loaded shared library C:\Program Files\JetBrains\PyCharm Community Edition 2023.1.2\jbr\bin\java.dll

Deoptimization events (0 events):
No events

Classes unloaded (0 events):
No events

Classes redefined (0 events):
No events

Internal exceptions (0 events):
No events

VM Operations (0 events):
No events

Events (0 events):
No events


Dynamic libraries:
0x00007ff6c5fb0000 - 0x00007ff6c5fba000 	C:\Program Files\JetBrains\PyCharm Community Edition 2023.1.2\jbr\bin\java.exe
0x00007ff87bc90000 - 0x00007ff87bea4000 	C:\WINDOWS\SYSTEM32\ntdll.dll
0x00007ff87a880000 - 0x00007ff87a944000 	C:\WINDOWS\System32\KERNEL32.DLL
0x00007ff879370000 - 0x00007ff879714000 	C:\WINDOWS\System32\KERNELBASE.dll
0x00007ff8797c0000 - 0x00007ff8798d1000 	C:\WINDOWS\System32\ucrtbase.dll
0x00007ff800f70000 - 0x00007ff800f87000 	C:\Program Files\JetBrains\PyCharm Community Edition 2023.1.2\jbr\bin\jli.dll
0x00007ff825f30000 - 0x00007ff825f4b000 	C:\Program Files\JetBrains\PyCharm Community Edition 2023.1.2\jbr\bin\VCRUNTIME140.dll
0x00007ff879d40000 - 0x00007ff879eea000 	C:\WINDOWS\System32\USER32.dll
0x00007ff879790000 - 0x00007ff8797b6000 	C:\WINDOWS\System32\win32u.dll
0x00007ff85e030000 - 0x00007ff85e2bf000 	C:\WINDOWS\WinSxS\amd64_microsoft.windows.common-controls_6595b64144ccf1df_6.0.22621.2070_none_2713e6537381f706\COMCTL32.dll
0x00007ff879ef0000 - 0x00007ff879f97000 	C:\WINDOWS\System32\msvcrt.dll
0x00007ff879a50000 - 0x00007ff879a79000 	C:\WINDOWS\System32\GDI32.dll
0x00007ff8791b0000 - 0x00007ff8792c9000 	C:\WINDOWS\System32\gdi32full.dll
0x00007ff8792d0000 - 0x00007ff87936a000 	C:\WINDOWS\System32\msvcp_win.dll
0x00007ff879fa0000 - 0x00007ff879fd1000 	C:\WINDOWS\System32\IMM32.DLL
0x00007ff8747f0000 - 0x00007ff8747fc000 	C:\Program Files\JetBrains\PyCharm Community Edition 2023.1.2\jbr\bin\vcruntime140_1.dll
0x00007fffb8870000 - 0x00007fffb88fd000 	C:\Program Files\JetBrains\PyCharm Community Edition 2023.1.2\jbr\bin\msvcp140.dll
0x00007ff801390000 - 0x00007ff801ffe000 	C:\Program Files\JetBrains\PyCharm Community Edition 2023.1.2\jbr\bin\server\jvm.dll
0x00007ff87a610000 - 0x00007ff87a6c0000 	C:\WINDOWS\System32\ADVAPI32.dll
0x00007ff879fe0000 - 0x00007ff87a086000 	C:\WINDOWS\System32\sechost.dll
0x00007ff879c20000 - 0x00007ff879d37000 	C:\WINDOWS\System32\RPCRT4.dll
0x00007ff86da30000 - 0x00007ff86da64000 	C:\WINDOWS\SYSTEM32\WINMM.dll
0x00007ff873370000 - 0x00007ff87337a000 	C:\WINDOWS\SYSTEM32\VERSION.dll
0x00007ff876180000 - 0x00007ff876189000 	C:\WINDOWS\SYSTEM32\WSOCK32.dll
0x00007ff87a950000 - 0x00007ff87a9c1000 	C:\WINDOWS\System32\WS2_32.dll
0x00007ff878020000 - 0x00007ff878038000 	C:\WINDOWS\SYSTEM32\kernel.appcore.dll
0x00007ff869420000 - 0x00007ff86942a000 	C:\Program Files\JetBrains\PyCharm Community Edition 2023.1.2\jbr\bin\jimage.dll
0x00007ff86bc80000 - 0x00007ff86beae000 	C:\WINDOWS\SYSTEM32\DBGHELP.DLL
0x00007ff87b710000 - 0x00007ff87ba9a000 	C:\WINDOWS\System32\combase.dll
0x00007ff879b40000 - 0x00007ff879c17000 	C:\WINDOWS\System32\OLEAUT32.dll
0x00007ff85f550000 - 0x00007ff85f582000 	C:\WINDOWS\SYSTEM32\dbgcore.DLL
0x00007ff879070000 - 0x00007ff8790ea000 	C:\WINDOWS\System32\bcryptPrimitives.dll
0x00007ff801360000 - 0x00007ff801385000 	C:\Program Files\JetBrains\PyCharm Community Edition 2023.1.2\jbr\bin\java.dll

dbghelp: loaded successfully - version: 4.0.5 - missing functions: none
symbol engine: initialized successfully - sym options: 0x614 - pdb path: .;C:\Program Files\JetBrains\PyCharm Community Edition 2023.1.2\jbr\bin;C:\WINDOWS\SYSTEM32;C:\WINDOWS\WinSxS\amd64_microsoft.windows.common-controls_6595b64144ccf1df_6.0.22621.2070_none_2713e6537381f706;C:\Program Files\JetBrains\PyCharm Community Edition 2023.1.2\jbr\bin\server

VM Arguments:
java_command: git4idea.http.GitAskPassApp Username for 'https://gitlab.skillbox.ru': 
java_class_path (initial): C:/Program Files/JetBrains/PyCharm Community Edition 2023.1.2/plugins/vcs-git/lib/git4idea-rt.jar;C:/Program Files/JetBrains/PyCharm Community Edition 2023.1.2/lib/externalProcess-rt.jar
Launcher Type: SUN_STANDARD

[Global flags]
     intx CICompilerCount                          = 4                                         {product} {ergonomic}
     uint ConcGCThreads                            = 3                                         {product} {ergonomic}
     uint G1ConcRefinementThreads                  = 10                                        {product} {ergonomic}
   size_t G1HeapRegionSize                         = 2097152                                   {product} {ergonomic}
    uintx GCDrainStackTargetSize                   = 64                                        {product} {ergonomic}
   size_t InitialHeapSize                          = 266338304                                 {product} {ergonomic}
   size_t MarkStackSize                            = 4194304                                   {product} {ergonomic}
   size_t MaxHeapSize                              = 4250927104                                {product} {ergonomic}
   size_t MinHeapDeltaBytes                        = 2097152                                   {product} {ergonomic}
   size_t MinHeapSize                              = 8388608                                   {product} {ergonomic}
    uintx NonNMethodCodeHeapSize                   = 5839372                                {pd product} {ergonomic}
    uintx NonProfiledCodeHeapSize                  = 122909434                              {pd product} {ergonomic}
    uintx ProfiledCodeHeapSize                     = 122909434                              {pd product} {ergonomic}
    uintx ReservedCodeCacheSize                    = 251658240                              {pd product} {ergonomic}
     bool SegmentedCodeCache                       = true                                      {product} {ergonomic}
   size_t SoftMaxHeapSize                          = 4250927104                             {manageable} {ergonomic}
     bool UseCompressedClassPointers               = true                           {product lp64_product} {ergonomic}
     bool UseCompressedOops                        = true                           {product lp64_product} {ergonomic}
     bool UseG1GC                                  = true                                      {product} {ergonomic}
     bool UseLargePagesIndividualAllocation        = false                                  {pd product} {ergonomic}

Logging:
Log output configuration:
 #0: stdout all=warning uptime,level,tags
 #1: stderr all=off uptime,level,tags

Environment Variables:
PATH=C:\Program Files\Git\mingw64\libexec\git-core;C:\Program Files\Git\mingw64\libexec\git-core;C:\Program Files\Git\mingw64\bin;C:\Program Files\Git\usr\bin;C:\Users\Admin\bin;C:\Users\Admin\Desktop\python_django_team32\venv\Scripts;C:\Windows\system32;C:\Windows;C:\Windows\System32\Wbem;C:\Windows\System32\WindowsPowerShell\v1.0;C:\Windows\System32\OpenSSH;C:\Program Files\NVIDIA Corporation\NVIDIA NvDLISR;C:\Program Files (x86)\NVIDIA Corporation\PhysX\Common;C:\Program Files\Git\cmd;C:\Program Files\gettext-iconv\bin;C:\Program Files\Docker\Docker\resources\bin;C:\WINDOWS\system32;C:\WINDOWS;C:\WINDOWS\System32\Wbem;C:\WINDOWS\System32\WindowsPowerShell\v1.0;C:\WINDOWS\System32\OpenSSH;C:\Users\Admin\AppData\Local\Programs\Python\Python311\Scripts;C:\Users\Admin\AppData\Local\Programs\Python\Python311;C:\Users\Admin\AppData\Local\Microsoft\WindowsApps;C:\Users\Admin\AppData\Local\Programs\Microsoft VS Code\bin;C:\Program Files\JetBrains\PyCharm Community Edition 2023.1.2\bin;C:\Users\Admin\AppData\Local\GitHubDesktop\bin
USERNAME=Admin
DISPLAY=:0.0
LC_ALL=en_US.UTF-8
TERM=xterm-256color
TMPDIR=C:\Users\Admin\AppData\Local\Temp
OS=Windows_NT
PROCESSOR_IDENTIFIER=Intel64 Family 6 Model 151 Stepping 2, GenuineIntel
TMP=C:\Users\Admin\AppData\Local\Temp
TEMP=C:\Users\Admin\AppData\Local\Temp


JNI global refs:

[error occurred during error reporting (JNI global references), id 0xc0000005, EXCEPTION_ACCESS_VIOLATION (0xc0000005) at pc=0x00007ff801447fc0]


---------------  S Y S T E M  ---------------

OS:
 Windows 11 , 64 bit Build 22621 (10.0.22621.2070)
OS uptime: 5 days 0:31 hours
Hyper-V role detected

CPU: total 12 (initial active 12) (6 cores per cpu, 2 threads per core) family 6 model 151 stepping 2 microcode 0x2e, cx8, cmov, fxsr, ht, mmx, 3dnowpref, sse, sse2, sse3, ssse3, sse4.1, sse4.2, popcnt, lzcnt, tsc, tscinvbit, avx, avx2, aes, erms, clmul, bmi1, bmi2, adx, sha, fma, vzeroupper, clflush, clflushopt, clwb, hv

Memory: 4k page, system-wide physical 16208M (2719M free)
TotalPageFile size 21708M (AvailPageFile size 222M)
current process WorkingSet (physical memory assigned to process): 11M, peak: 11M
current process commit charge ("private bytes"): 64M, peak: 318M

vm_info: OpenJDK 64-Bit Server VM (17.0.7+10-b829.16) for windows-amd64 JRE (17.0.7+10-b829.16), built on 2023-06-02 by "builduser" with MS VC++ 16.10 / 16.11 (VS2019)

END.
